[0.045s] Invoking command in '/home/aya/.ssh/ros2/mypkg/person_msgs/build/person_msgs': CMAKE_PREFIX_PATH=/home/aya/ros2_ws/install/mkpkg:/opt/ros/humble /usr/bin/cmake /home/aya/.ssh/ros2/mypkg/person_msgs -DCMAKE_INSTALL_PREFIX=/home/aya/.ssh/ros2/mypkg/person_msgs/install/person_msgs
[0.275s] -- The C compiler identification is GNU 11.4.0
[0.524s] -- The CXX compiler identification is GNU 11.4.0
[0.645s] -- Detecting C compiler ABI info
[0.727s] -- Detecting C compiler ABI info - done
[0.732s] -- Check for working C compiler: /usr/bin/cc - skipped
[0.732s] -- Detecting C compile features
[0.733s] -- Detecting C compile features - done
[0.737s] -- Detecting CXX compiler ABI info
[0.821s] -- Detecting CXX compiler ABI info - done
[0.826s] -- Check for working CXX compiler: /usr/bin/c++ - skipped
[0.826s] -- Detecting CXX compile features
[0.827s] -- Detecting CXX compile features - done
[0.836s] -- Found ament_cmake: 1.3.6 (/opt/ros/humble/share/ament_cmake/cmake)
[0.951s] -- Found Python3: /usr/bin/python3.10 (found version "3.10.12") found components: Interpreter 
[1.036s] [31mCMake Error at CMakeLists.txt:10 (rosidl_generate_interfaces):
[1.036s]   Unknown CMake command "rosidl_generate_interfaces".
[1.037s] 
[1.037s] [0m
[1.037s] -- Configuring incomplete, errors occurred!
[1.037s] See also "/home/aya/.ssh/ros2/mypkg/person_msgs/build/person_msgs/CMakeFiles/CMakeOutput.log".
[1.040s] Invoked command in '/home/aya/.ssh/ros2/mypkg/person_msgs/build/person_msgs' returned '1': CMAKE_PREFIX_PATH=/home/aya/ros2_ws/install/mkpkg:/opt/ros/humble /usr/bin/cmake /home/aya/.ssh/ros2/mypkg/person_msgs -DCMAKE_INSTALL_PREFIX=/home/aya/.ssh/ros2/mypkg/person_msgs/install/person_msgs
